-------------------------------------------------------------------------------
Test set: com.sanika.Vegetablemarket.VegetablemarketApplicationTests
-------------------------------------------------------------------------------
Tests run: 1, Failures: 0, Errors: 1, Skipped: 0, Time elapsed: 35.565 s <<< FAILURE! - in com.sanika.Vegetablemarket.VegetablemarketApplicationTests
contextLoads  Time elapsed: 0.108 s  <<< ERROR!
java.lang.IllegalStateException: Failed to load ApplicationContext
Caused by: org.springframework.beans.factory.BeanCreationException: Error creating bean with name 'entityManagerFactory' defined in class path resource [org/springframework/boot/autoconfigure/orm/jpa/HibernateJpaConfiguration.class]: Invocation of init method failed; nested exception is org.hibernate.AnnotationException: @OneToOne or @ManyToOne on com.sanika.Vegetablemarket.model.StockItemModel.VendorQuotedPrice references an unknown entity: com.sanika.Vegetablemarket.repository.VendorQuotedPriceDAO
Caused by: org.hibernate.AnnotationException: @OneToOne or @ManyToOne on com.sanika.Vegetablemarket.model.StockItemModel.VendorQuotedPrice references an unknown entity: com.sanika.Vegetablemarket.repository.VendorQuotedPriceDAO

